<?xml version="1.0" encoding="UTF-8" standalone="no"?>
<!DOCTYPE log SYSTEM "logger.dtd">
<log>
<record>
  <date>2023-09-30T16:29:25.696-0300</date>
  <logger>MARCOS ANTONIO DE ALBUQUERQUE SANTOS</logger>
  <level>FINE</level>
  <message>File 122110443-MARCOS ANTONIO DE ALBUQUERQUE SANTOS.zip was received. It was sent by MARCOS ANTONIO DE ALBUQUERQUE SANTOS from IP 192.168.18.38 at 30-09-2023 16*29*25</message>
</record>
</log>
<?xml version="1.0" encoding="UTF-8" standalone="no"?>
<!DOCTYPE log SYSTEM "logger.dtd">
<log>
<record>
  <date>2023-09-30T16:29:44.625-0300</date>
  <logger>MARCOS ANTONIO DE ALBUQUERQUE SANTOS</logger>
  <level>FINE</level>
  <message>File 122110443-MARCOS ANTONIO DE ALBUQUERQUE SANTOS.zip was received. It was sent by MARCOS ANTONIO DE ALBUQUERQUE SANTOS from IP 192.168.18.38 at 30-09-2023 16*29*44</message>
</record>
</log>
<?xml version="1.0" encoding="UTF-8" standalone="no"?>
<!DOCTYPE log SYSTEM "logger.dtd">
<log>
<record>
  <date>2023-10-05T15:35:48.472-0300</date>
  <logger>MARCOS ANTONIO DE ALBUQUERQUE SANTOS</logger>
  <level>FINE</level>
  <message>File 122110443-MARCOS ANTONIO DE ALBUQUERQUE SANTOS.zip was received. It was sent by MARCOS ANTONIO DE ALBUQUERQUE SANTOS from IP 192.168.10.2 at 05-10-2023 15*35*48</message>
</record>
</log>
<?xml version="1.0" encoding="UTF-8" standalone="no"?>
<!DOCTYPE log SYSTEM "logger.dtd">
<log>
<record>
  <date>2023-10-05T15:35:57.324-0300</date>
  <logger>MARCOS ANTONIO DE ALBUQUERQUE SANTOS</logger>
  <level>FINE</level>
  <message>File 122110443-MARCOS ANTONIO DE ALBUQUERQUE SANTOS.zip was received. It was sent by MARCOS ANTONIO DE ALBUQUERQUE SANTOS from IP 192.168.10.2 at 05-10-2023 15*35*57</message>
</record>
</log>
<?xml version="1.0" encoding="UTF-8" standalone="no"?>
<!DOCTYPE log SYSTEM "logger.dtd">
<log>
<record>
  <date>2023-10-05T19:07:05.169-0300</date>
  <logger>MARCOS ANTONIO DE ALBUQUERQUE SANTOS</logger>
  <level>FINE</level>
  <message>File 122110443-MARCOS ANTONIO DE ALBUQUERQUE SANTOS.zip was received. It was sent by MARCOS ANTONIO DE ALBUQUERQUE SANTOS from IP 192.168.10.2 at 05-10-2023 19*07*04</message>
</record>
</log>
<?xml version="1.0" encoding="UTF-8" standalone="no"?>
<!DOCTYPE log SYSTEM "logger.dtd">
<log>
<record>
  <date>2023-10-05T19:07:13.990-0300</date>
  <logger>MARCOS ANTONIO DE ALBUQUERQUE SANTOS</logger>
  <level>FINE</level>
  <message>File 122110443-MARCOS ANTONIO DE ALBUQUERQUE SANTOS.zip was received. It was sent by MARCOS ANTONIO DE ALBUQUERQUE SANTOS from IP 192.168.10.2 at 05-10-2023 19*07*13</message>
</record>
