<?xml version="1.0" encoding="UTF-8" standalone="no"?>
<!DOCTYPE log SYSTEM "logger.dtd">
<log>
<record>
  <date>2023-10-16T19:53:30.385-0300</date>
  <logger>MARCOS ANTONIO DE ALBUQUERQUE SANTOS</logger>
  <level>FINE</level>
  <message>File 122110443-MARCOS ANTONIO DE ALBUQUERQUE SANTOS.zip was received. It was sent by MARCOS ANTONIO DE ALBUQUERQUE SANTOS from IP 192.168.10.11 at 16-10-2023 19*53*30</message>
</record>
</log>
<?xml version="1.0" encoding="UTF-8" standalone="no"?>
<!DOCTYPE log SYSTEM "logger.dtd">
<log>
<record>
  <date>2023-10-16T19:53:38.313-0300</date>
  <logger>MARCOS ANTONIO DE ALBUQUERQUE SANTOS</logger>
  <level>FINE</level>
  <message>File 122110443-MARCOS ANTONIO DE ALBUQUERQUE SANTOS.zip was received. It was sent by MARCOS ANTONIO DE ALBUQUERQUE SANTOS from IP 192.168.10.11 at 16-10-2023 19*53*38</message>
</record>
</log>
<?xml version="1.0" encoding="UTF-8" standalone="no"?>
<!DOCTYPE log SYSTEM "logger.dtd">
<log>
<record>
  <date>2023-10-18T14:33:46.974-0300</date>
  <logger>MARCOS ANTONIO DE ALBUQUERQUE SANTOS</logger>
  <level>FINE</level>
  <message>File 122110443-MARCOS ANTONIO DE ALBUQUERQUE SANTOS.zip was received. It was sent by MARCOS ANTONIO DE ALBUQUERQUE SANTOS from IP 192.168.10.11 at 18-10-2023 14*33*46</message>
</record>
</log>
<?xml version="1.0" encoding="UTF-8" standalone="no"?>
<!DOCTYPE log SYSTEM "logger.dtd">
<log>
<record>
  <date>2023-10-19T17:52:45.082-0300</date>
  <logger>MARCOS ANTONIO DE ALBUQUERQUE SANTOS</logger>
  <level>FINE</level>
  <message>File 122110443-MARCOS ANTONIO DE ALBUQUERQUE SANTOS.zip was received. It was sent by MARCOS ANTONIO DE ALBUQUERQUE SANTOS from IP 192.168.10.11 at 19-10-2023 17*52*45</message>
</record>
</log>
<?xml version="1.0" encoding="UTF-8" standalone="no"?>
<!DOCTYPE log SYSTEM "logger.dtd">
<log>
<record>
  <date>2023-10-19T20:08:39.739-0300</date>
  <logger>MARCOS ANTONIO DE ALBUQUERQUE SANTOS</logger>
  <level>FINE</level>
  <message>File 122110443-MARCOS ANTONIO DE ALBUQUERQUE SANTOS.zip was received. It was sent by MARCOS ANTONIO DE ALBUQUERQUE SANTOS from IP 192.168.10.11 at 19-10-2023 20*08*39</message>
</record>
</log>
<?xml version="1.0" encoding="UTF-8" standalone="no"?>
<!DOCTYPE log SYSTEM "logger.dtd">
<log>
<record>
  <date>2023-10-20T10:32:33.794-0300</date>
  <logger>MARCOS ANTONIO DE ALBUQUERQUE SANTOS</logger>
  <level>FINE</level>
  <message>File 122110443-MARCOS ANTONIO DE ALBUQUERQUE SANTOS.zip was received. It was sent by MARCOS ANTONIO DE ALBUQUERQUE SANTOS from IP 150.165.42.146 at 20-10-2023 10*32*33</message>
</record>
</log>
<?xml version="1.0" encoding="UTF-8" standalone="no"?>
<!DOCTYPE log SYSTEM "logger.dtd">
<log>
<record>
  <date>2023-10-20T10:40:11.865-0300</date>
  <logger>MARCOS ANTONIO DE ALBUQUERQUE SANTOS</logger>
  <level>FINE</level>
  <message>File 122110443-MARCOS ANTONIO DE ALBUQUERQUE SANTOS.zip was received. It was sent by MARCOS ANTONIO DE ALBUQUERQUE SANTOS from IP 150.165.42.146 at 20-10-2023 10*40*11</message>
</record>
