<?xml version="1.0" encoding="UTF-8" standalone="no"?>
<!DOCTYPE log SYSTEM "logger.dtd">
<log>
<record>
  <date>2023-08-24T16:22:11.037-0300</date>
  <logger>MARCOS ANTONIO DE ALBUQUERQUE SANTOS</logger>
  <level>FINE</level>
  <message>File 122110443-MARCOS ANTONIO DE ALBUQUERQUE SANTOS.zip was received. It was sent by MARCOS ANTONIO DE ALBUQUERQUE SANTOS from IP 192.168.10.4 at 24-08-2023 16*22*11</message>
</record>
</log>
<?xml version="1.0" encoding="UTF-8" standalone="no"?>
<!DOCTYPE log SYSTEM "logger.dtd">
<log>
<record>
  <date>2023-08-24T16:26:38.167-0300</date>
  <logger>MARCOS ANTONIO DE ALBUQUERQUE SANTOS</logger>
  <level>FINE</level>
  <message>File 122110443-MARCOS ANTONIO DE ALBUQUERQUE SANTOS.zip was received. It was sent by MARCOS ANTONIO DE ALBUQUERQUE SANTOS from IP 192.168.10.4 at 24-08-2023 16*26*38</message>
</record>
</log>
<?xml version="1.0" encoding="UTF-8" standalone="no"?>
<!DOCTYPE log SYSTEM "logger.dtd">
<log>
<record>
  <date>2023-08-24T21:24:30.630-0300</date>
  <logger>MARCOS ANTONIO DE ALBUQUERQUE SANTOS</logger>
  <level>FINE</level>
  <message>File 122110443-MARCOS ANTONIO DE ALBUQUERQUE SANTOS.zip was received. It was sent by MARCOS ANTONIO DE ALBUQUERQUE SANTOS from IP 192.168.10.4 at 24-08-2023 21*24*30</message>
</record>
</log>
<?xml version="1.0" encoding="UTF-8" standalone="no"?>
<!DOCTYPE log SYSTEM "logger.dtd">
<log>
<record>
  <date>2023-08-24T21:40:11.723-0300</date>
  <logger>MARCOS ANTONIO DE ALBUQUERQUE SANTOS</logger>
  <level>FINE</level>
  <message>File 122110443-MARCOS ANTONIO DE ALBUQUERQUE SANTOS.zip was received. It was sent by MARCOS ANTONIO DE ALBUQUERQUE SANTOS from IP 192.168.10.4 at 24-08-2023 21*40*11</message>
</record>
</log>
<?xml version="1.0" encoding="UTF-8" standalone="no"?>
<!DOCTYPE log SYSTEM "logger.dtd">
<log>
<record>
  <date>2023-08-24T21:42:21.443-0300</date>
  <logger>MARCOS ANTONIO DE ALBUQUERQUE SANTOS</logger>
  <level>FINE</level>
  <message>File 122110443-MARCOS ANTONIO DE ALBUQUERQUE SANTOS.zip was received. It was sent by MARCOS ANTONIO DE ALBUQUERQUE SANTOS from IP 192.168.10.4 at 24-08-2023 21*42*21</message>
</record>
</log>
<?xml version="1.0" encoding="UTF-8" standalone="no"?>
<!DOCTYPE log SYSTEM "logger.dtd">
<log>
<record>
  <date>2023-08-24T21:51:41.478-0300</date>
  <logger>MARCOS ANTONIO DE ALBUQUERQUE SANTOS</logger>
  <level>FINE</level>
  <message>File 122110443-MARCOS ANTONIO DE ALBUQUERQUE SANTOS.zip was received. It was sent by MARCOS ANTONIO DE ALBUQUERQUE SANTOS from IP 192.168.10.4 at 24-08-2023 21*51*41</message>
</record>
