<?xml version="1.0" encoding="UTF-8" standalone="no"?>
<!DOCTYPE log SYSTEM "logger.dtd">
<log>
<record>
  <date>2023-09-12T16:02:23.762-0300</date>
  <logger>MARCOS ANTONIO DE ALBUQUERQUE SANTOS</logger>
  <level>FINE</level>
  <message>File 122110443-MARCOS ANTONIO DE ALBUQUERQUE SANTOS.zip was received. It was sent by MARCOS ANTONIO DE ALBUQUERQUE SANTOS from IP 192.168.10.6 at 12-09-2023 16*02*23</message>
</record>
</log>
<?xml version="1.0" encoding="UTF-8" standalone="no"?>
<!DOCTYPE log SYSTEM "logger.dtd">
<log>
<record>
  <date>2023-09-13T13:22:28.313-0300</date>
  <logger>MARCOS ANTONIO DE ALBUQUERQUE SANTOS</logger>
  <level>FINE</level>
  <message>File 122110443-MARCOS ANTONIO DE ALBUQUERQUE SANTOS.zip was received. It was sent by MARCOS ANTONIO DE ALBUQUERQUE SANTOS from IP 192.168.10.6 at 13-09-2023 13*22*28</message>
</record>
</log>
<?xml version="1.0" encoding="UTF-8" standalone="no"?>
<!DOCTYPE log SYSTEM "logger.dtd">
<log>
<record>
  <date>2023-09-15T10:39:10.749-0300</date>
  <logger>MARCOS ANTONIO DE ALBUQUERQUE SANTOS</logger>
  <level>FINE</level>
  <message>File 122110443-MARCOS ANTONIO DE ALBUQUERQUE SANTOS.zip was received. It was sent by MARCOS ANTONIO DE ALBUQUERQUE SANTOS from IP 150.165.42.146 at 15-09-2023 10*39*10</message>
</record>
