<?xml version="1.0" encoding="UTF-8" standalone="no"?>
<!DOCTYPE log SYSTEM "logger.dtd">
<log>
<record>
  <date>2023-09-21T23:33:00.843-0300</date>
  <logger>MARCOS ANTONIO DE ALBUQUERQUE SANTOS</logger>
  <level>FINE</level>
  <message>File 122110443-MARCOS ANTONIO DE ALBUQUERQUE SANTOS.zip was received. It was sent by MARCOS ANTONIO DE ALBUQUERQUE SANTOS from IP 192.168.10.6 at 21-09-2023 23*33*00</message>
</record>
</log>
<?xml version="1.0" encoding="UTF-8" standalone="no"?>
<!DOCTYPE log SYSTEM "logger.dtd">
<log>
<record>
  <date>2023-09-23T20:26:26.173-0300</date>
  <logger>MARCOS ANTONIO DE ALBUQUERQUE SANTOS</logger>
  <level>FINE</level>
  <message>File 122110443-MARCOS ANTONIO DE ALBUQUERQUE SANTOS.zip was received. It was sent by MARCOS ANTONIO DE ALBUQUERQUE SANTOS from IP 192.168.10.6 at 23-09-2023 20*26*26</message>
</record>
</log>
<?xml version="1.0" encoding="UTF-8" standalone="no"?>
<!DOCTYPE log SYSTEM "logger.dtd">
<log>
<record>
  <date>2023-09-24T10:26:25.132-0300</date>
  <logger>MARCOS ANTONIO DE ALBUQUERQUE SANTOS</logger>
  <level>FINE</level>
  <message>File 122110443-MARCOS ANTONIO DE ALBUQUERQUE SANTOS.zip was received. It was sent by MARCOS ANTONIO DE ALBUQUERQUE SANTOS from IP 192.168.10.6 at 24-09-2023 10*26*25</message>
</record>
</log>
<?xml version="1.0" encoding="UTF-8" standalone="no"?>
<!DOCTYPE log SYSTEM "logger.dtd">
<log>
<record>
  <date>2023-09-24T22:25:29.607-0300</date>
  <logger>MARCOS ANTONIO DE ALBUQUERQUE SANTOS</logger>
  <level>FINE</level>
  <message>File 122110443-MARCOS ANTONIO DE ALBUQUERQUE SANTOS.zip was received. It was sent by MARCOS ANTONIO DE ALBUQUERQUE SANTOS from IP 192.168.10.6 at 24-09-2023 22*25*29</message>
</record>
